{"level":30,"time":1674741738401,"pid":5532,"hostname":"DESKTOP-OS2JT62","err":{"type":"TypeError","message":"Cannot read properties of undefined (reading 'username')","stack":"TypeError: Cannot read properties of undefined (reading 'username')\n    at Authenticated (file:///E:/Coderhouse/COMISION32140-Backend/bornoz-fly/middlewares/authenticate.js:3:24)\n    at Layer.handle [as handle_request] (E:\\Coderhouse\\COMISION32140-Backend\\bornoz-fly\\node_modules\\express\\lib\\router\\layer.js:95:5)\n    at next (E:\\Coderhouse\\COMISION32140-Backend\\bornoz-fly\\node_modules\\express\\lib\\router\\route.js:144:13)\n    at Route.dispatch (E:\\Coderhouse\\COMISION32140-Backend\\bornoz-fly\\node_modules\\express\\lib\\router\\route.js:114:3)\n    at Layer.handle [as handle_request] (E:\\Coderhouse\\COMISION32140-Backend\\bornoz-fly\\node_modules\\express\\lib\\router\\layer.js:95:5)\n    at E:\\Coderhouse\\COMISION32140-Backend\\bornoz-fly\\node_modules\\express\\lib\\router\\index.js:284:15\n    at Function.process_params (E:\\Coderhouse\\COMISION32140-Backend\\bornoz-fly\\node_modules\\express\\lib\\router\\index.js:346:12)\n    at next (E:\\Coderhouse\\COMISION32140-Backend\\bornoz-fly\\node_modules\\express\\lib\\router\\index.js:280:10)\n    at Function.handle (E:\\Coderhouse\\COMISION32140-Backend\\bornoz-fly\\node_modules\\express\\lib\\router\\index.js:175:3)\n    at router (E:\\Coderhouse\\COMISION32140-Backend\\bornoz-fly\\node_modules\\express\\lib\\router\\index.js:47:12)"},"msg":"Cannot read properties of undefined (reading 'username')"}
{"level":30,"time":1674741738884,"pid":5532,"hostname":"DESKTOP-OS2JT62","err":{"type":"TypeError","message":"Cannot read properties of undefined (reading 'username')","stack":"TypeError: Cannot read properties of undefined (reading 'username')\n    at Authenticated (file:///E:/Coderhouse/COMISION32140-Backend/bornoz-fly/middlewares/authenticate.js:3:24)\n    at Layer.handle [as handle_request] (E:\\Coderhouse\\COMISION32140-Backend\\bornoz-fly\\node_modules\\express\\lib\\router\\layer.js:95:5)\n    at next (E:\\Coderhouse\\COMISION32140-Backend\\bornoz-fly\\node_modules\\express\\lib\\router\\route.js:144:13)\n    at Route.dispatch (E:\\Coderhouse\\COMISION32140-Backend\\bornoz-fly\\node_modules\\express\\lib\\router\\route.js:114:3)\n    at Layer.handle [as handle_request] (E:\\Coderhouse\\COMISION32140-Backend\\bornoz-fly\\node_modules\\express\\lib\\router\\layer.js:95:5)\n    at E:\\Coderhouse\\COMISION32140-Backend\\bornoz-fly\\node_modules\\express\\lib\\router\\index.js:284:15\n    at Function.process_params (E:\\Coderhouse\\COMISION32140-Backend\\bornoz-fly\\node_modules\\express\\lib\\router\\index.js:346:12)\n    at next (E:\\Coderhouse\\COMISION32140-Backend\\bornoz-fly\\node_modules\\express\\lib\\router\\index.js:280:10)\n    at Function.handle (E:\\Coderhouse\\COMISION32140-Backend\\bornoz-fly\\node_modules\\express\\lib\\router\\index.js:175:3)\n    at router (E:\\Coderhouse\\COMISION32140-Backend\\bornoz-fly\\node_modules\\express\\lib\\router\\index.js:47:12)"},"msg":"Cannot read properties of undefined (reading 'username')"}
{"level":30,"time":1674741739327,"pid":5532,"hostname":"DESKTOP-OS2JT62","err":{"type":"TypeError","message":"Cannot read properties of undefined (reading 'username')","stack":"TypeError: Cannot read properties of undefined (reading 'username')\n    at Authenticated (file:///E:/Coderhouse/COMISION32140-Backend/bornoz-fly/middlewares/authenticate.js:3:24)\n    at Layer.handle [as handle_request] (E:\\Coderhouse\\COMISION32140-Backend\\bornoz-fly\\node_modules\\express\\lib\\router\\layer.js:95:5)\n    at next (E:\\Coderhouse\\COMISION32140-Backend\\bornoz-fly\\node_modules\\express\\lib\\router\\route.js:144:13)\n    at Route.dispatch (E:\\Coderhouse\\COMISION32140-Backend\\bornoz-fly\\node_modules\\express\\lib\\router\\route.js:114:3)\n    at Layer.handle [as handle_request] (E:\\Coderhouse\\COMISION32140-Backend\\bornoz-fly\\node_modules\\express\\lib\\router\\layer.js:95:5)\n    at E:\\Coderhouse\\COMISION32140-Backend\\bornoz-fly\\node_modules\\express\\lib\\router\\index.js:284:15\n    at Function.process_params (E:\\Coderhouse\\COMISION32140-Backend\\bornoz-fly\\node_modules\\express\\lib\\router\\index.js:346:12)\n    at next (E:\\Coderhouse\\COMISION32140-Backend\\bornoz-fly\\node_modules\\express\\lib\\router\\index.js:280:10)\n    at Function.handle (E:\\Coderhouse\\COMISION32140-Backend\\bornoz-fly\\node_modules\\express\\lib\\router\\index.js:175:3)\n    at router (E:\\Coderhouse\\COMISION32140-Backend\\bornoz-fly\\node_modules\\express\\lib\\router\\index.js:47:12)"},"msg":"Cannot read properties of undefined (reading 'username')"}
{"level":30,"time":1674742195710,"pid":5956,"hostname":"DESKTOP-OS2JT62","msg":"Your app is listening on http://localhost:8080/"}
{"level":30,"time":1674742195711,"pid":5956,"hostname":"DESKTOP-OS2JT62","msg":"Environment: local"}
{"level":30,"time":1674756571530,"pid":1064,"hostname":"DESKTOP-OS2JT62","msg":"Your app is listening on http://localhost:8080/"}
{"level":30,"time":1674756571531,"pid":1064,"hostname":"DESKTOP-OS2JT62","msg":"Environment: local"}
{"level":30,"time":1674756591395,"pid":11268,"hostname":"DESKTOP-OS2JT62","msg":"Your app is listening on http://localhost:8080/"}
{"level":30,"time":1674756591396,"pid":11268,"hostname":"DESKTOP-OS2JT62","msg":"Environment: local"}
{"level":30,"time":1674757816039,"pid":14956,"hostname":"DESKTOP-OS2JT62","msg":"Your app is listening on http://localhost:8080/"}
{"level":30,"time":1674757816039,"pid":14956,"hostname":"DESKTOP-OS2JT62","msg":"Environment: local"}
{"level":30,"time":1674758363407,"pid":13672,"hostname":"DESKTOP-OS2JT62","msg":"Your app is listening on http://localhost:8080/"}
{"level":30,"time":1674758363407,"pid":13672,"hostname":"DESKTOP-OS2JT62","msg":"Environment: local"}
{"level":30,"time":1674773690621,"pid":15864,"hostname":"DESKTOP-OS2JT62","msg":"Your app is listening on http://localhost:8080/"}
{"level":30,"time":1674773690622,"pid":15864,"hostname":"DESKTOP-OS2JT62","msg":"Environment: local"}
{"level":30,"time":1674773787226,"pid":2820,"hostname":"DESKTOP-OS2JT62","msg":"Your app is listening on http://localhost:8080/"}
{"level":30,"time":1674773787226,"pid":2820,"hostname":"DESKTOP-OS2JT62","msg":"Environment: local"}
{"level":30,"time":1674773826601,"pid":13864,"hostname":"DESKTOP-OS2JT62","msg":"Your app is listening on http://localhost:8080/"}
{"level":30,"time":1674773826601,"pid":13864,"hostname":"DESKTOP-OS2JT62","msg":"Environment: local"}
{"level":50,"time":1674773827460,"pid":13864,"hostname":"DESKTOP-OS2JT62","err":{"type":"RestException","message":"The number  is unverified. Trial accounts cannot send messages to unverified numbers; verify  at twilio.com/user/account/phone-numbers/verified, or purchase a Twilio number to send messages to unverified numbers.","stack":"Error: The number  is unverified. Trial accounts cannot send messages to unverified numbers; verify  at twilio.com/user/account/phone-numbers/verified, or purchase a Twilio number to send messages to unverified numbers.\n    at success (E:\\Coderhouse\\COMISION32140-Backend\\bornoz-fly\\node_modules\\twilio\\dist\\lib\\base\\Version.js:79:23)\n    at processTicksAndRejections (node:internal/process/task_queues:96:5)\n    at async Object.sendSMS (file:///E:/Coderhouse/COMISION32140-Backend/bornoz-fly/helpers/twilioConfig.js:11:21)","status":400,"code":21608,"moreInfo":"https://www.twilio.com/docs/errors/21608"},"msg":"The number  is unverified. Trial accounts cannot send messages to unverified numbers; verify  at twilio.com/user/account/phone-numbers/verified, or purchase a Twilio number to send messages to unverified numbers."}
{"level":30,"time":1674774858177,"pid":16112,"hostname":"DESKTOP-OS2JT62","msg":"Your app is listening on http://localhost:8080/"}
{"level":30,"time":1674774858178,"pid":16112,"hostname":"DESKTOP-OS2JT62","msg":"Environment: local"}
{"level":50,"time":1674774858959,"pid":16112,"hostname":"DESKTOP-OS2JT62","err":{"type":"RestException","message":"Twilio could not find a Channel with the specified From address","stack":"Error: Twilio could not find a Channel with the specified From address\n    at success (E:\\Coderhouse\\COMISION32140-Backend\\bornoz-fly\\node_modules\\twilio\\dist\\lib\\base\\Version.js:79:23)\n    at processTicksAndRejections (node:internal/process/task_queues:96:5)\n    at async Object.sendWhatsapp (file:///E:/Coderhouse/COMISION32140-Backend/bornoz-fly/helpers/twilioConfig.js:24:21)","status":400,"code":63007,"moreInfo":"https://www.twilio.com/docs/errors/63007"},"msg":"Twilio could not find a Channel with the specified From address"}
{"level":30,"time":1674774967446,"pid":8668,"hostname":"DESKTOP-OS2JT62","msg":"Your app is listening on http://localhost:8080/"}
{"level":30,"time":1674774967447,"pid":8668,"hostname":"DESKTOP-OS2JT62","msg":"Environment: local"}
{"level":50,"time":1674774968370,"pid":8668,"hostname":"DESKTOP-OS2JT62","err":{"type":"RestException","message":"Twilio could not find a Channel with the specified From address","stack":"Error: Twilio could not find a Channel with the specified From address\n    at success (E:\\Coderhouse\\COMISION32140-Backend\\bornoz-fly\\node_modules\\twilio\\dist\\lib\\base\\Version.js:79:23)\n    at processTicksAndRejections (node:internal/process/task_queues:96:5)\n    at async Object.sendWhatsapp (file:///E:/Coderhouse/COMISION32140-Backend/bornoz-fly/helpers/twilioConfig.js:24:21)","status":400,"code":63007,"moreInfo":"https://www.twilio.com/docs/errors/63007"},"msg":"Twilio could not find a Channel with the specified From address"}
{"level":30,"time":1674775026866,"pid":3040,"hostname":"DESKTOP-OS2JT62","msg":"Your app is listening on http://localhost:8080/"}
{"level":30,"time":1674775026867,"pid":3040,"hostname":"DESKTOP-OS2JT62","msg":"Environment: local"}
{"level":50,"time":1674775027632,"pid":3040,"hostname":"DESKTOP-OS2JT62","err":{"type":"RestException","message":"Twilio could not find a Channel with the specified From address","stack":"Error: Twilio could not find a Channel with the specified From address\n    at success (E:\\Coderhouse\\COMISION32140-Backend\\bornoz-fly\\node_modules\\twilio\\dist\\lib\\base\\Version.js:79:23)\n    at processTicksAndRejections (node:internal/process/task_queues:96:5)\n    at async Object.sendWhatsapp (file:///E:/Coderhouse/COMISION32140-Backend/bornoz-fly/helpers/twilioConfig.js:24:21)","status":400,"code":63007,"moreInfo":"https://www.twilio.com/docs/errors/63007"},"msg":"Twilio could not find a Channel with the specified From address"}
{"level":30,"time":1674775129364,"pid":16568,"hostname":"DESKTOP-OS2JT62","msg":"Your app is listening on http://localhost:8080/"}
{"level":30,"time":1674775129365,"pid":16568,"hostname":"DESKTOP-OS2JT62","msg":"Environment: local"}
{"level":50,"time":1674775130135,"pid":16568,"hostname":"DESKTOP-OS2JT62","err":{"type":"RestException","message":"Twilio could not find a Channel with the specified From address","stack":"Error: Twilio could not find a Channel with the specified From address\n    at success (E:\\Coderhouse\\COMISION32140-Backend\\bornoz-fly\\node_modules\\twilio\\dist\\lib\\base\\Version.js:79:23)\n    at processTicksAndRejections (node:internal/process/task_queues:96:5)\n    at async Object.sendWhatsapp (file:///E:/Coderhouse/COMISION32140-Backend/bornoz-fly/helpers/twilioConfig.js:24:21)","status":400,"code":63007,"moreInfo":"https://www.twilio.com/docs/errors/63007"},"msg":"Twilio could not find a Channel with the specified From address"}
{"level":30,"time":1674775187869,"pid":16480,"hostname":"DESKTOP-OS2JT62","msg":"Your app is listening on http://localhost:8080/"}
{"level":30,"time":1674775187870,"pid":16480,"hostname":"DESKTOP-OS2JT62","msg":"Environment: local"}
{"level":30,"time":1674775315153,"pid":10600,"hostname":"DESKTOP-OS2JT62","msg":"Your app is listening on http://localhost:8080/"}
{"level":30,"time":1674775315153,"pid":10600,"hostname":"DESKTOP-OS2JT62","msg":"Environment: local"}
{"level":30,"time":1674775360993,"pid":4384,"hostname":"DESKTOP-OS2JT62","msg":"Your app is listening on http://localhost:8080/"}
{"level":30,"time":1674775360993,"pid":4384,"hostname":"DESKTOP-OS2JT62","msg":"Environment: local"}
{"level":30,"time":1674775615973,"pid":10792,"hostname":"DESKTOP-OS2JT62","msg":"Your app is listening on http://localhost:8080/"}
{"level":30,"time":1674775615973,"pid":10792,"hostname":"DESKTOP-OS2JT62","msg":"Environment: local"}
{"level":30,"time":1674775639439,"pid":1284,"hostname":"DESKTOP-OS2JT62","msg":"Your app is listening on http://localhost:8080/"}
{"level":30,"time":1674775639440,"pid":1284,"hostname":"DESKTOP-OS2JT62","msg":"Environment: local"}
{"level":50,"time":1674775640263,"pid":1284,"hostname":"DESKTOP-OS2JT62","err":{"type":"RestException","message":"The number  is unverified. Trial accounts cannot send messages to unverified numbers; verify  at twilio.com/user/account/phone-numbers/verified, or purchase a Twilio number to send messages to unverified numbers.","stack":"Error: The number  is unverified. Trial accounts cannot send messages to unverified numbers; verify  at twilio.com/user/account/phone-numbers/verified, or purchase a Twilio number to send messages to unverified numbers.\n    at success (E:\\Coderhouse\\COMISION32140-Backend\\bornoz-fly\\node_modules\\twilio\\dist\\lib\\base\\Version.js:79:23)\n    at processTicksAndRejections (node:internal/process/task_queues:96:5)\n    at async Object.sendSMS (file:///E:/Coderhouse/COMISION32140-Backend/bornoz-fly/helpers/twilioConfig.js:11:21)","status":400,"code":21608,"moreInfo":"https://www.twilio.com/docs/errors/21608"},"msg":"The number  is unverified. Trial accounts cannot send messages to unverified numbers; verify  at twilio.com/user/account/phone-numbers/verified, or purchase a Twilio number to send messages to unverified numbers."}
{"level":30,"time":1674775693037,"pid":16128,"hostname":"DESKTOP-OS2JT62","msg":"Your app is listening on http://localhost:8080/"}
{"level":30,"time":1674775693037,"pid":16128,"hostname":"DESKTOP-OS2JT62","msg":"Environment: local"}
{"level":30,"time":1674776580807,"pid":16556,"hostname":"DESKTOP-OS2JT62","msg":"Your app is listening on http://localhost:8080/"}
{"level":30,"time":1674776580807,"pid":16556,"hostname":"DESKTOP-OS2JT62","msg":"Environment: local"}
{"level":30,"time":1674776637904,"pid":16516,"hostname":"DESKTOP-OS2JT62","msg":"Your app is listening on http://localhost:8080/"}
{"level":30,"time":1674776637905,"pid":16516,"hostname":"DESKTOP-OS2JT62","msg":"Environment: local"}
{"level":50,"time":1674776889574,"pid":16516,"hostname":"DESKTOP-OS2JT62","err":{"type":"TypeError","message":"Cannot read properties of undefined (reading 'products')","stack":"TypeError: Cannot read properties of undefined (reading 'products')\n    at Object.sendWhatsapp (file:///E:/Coderhouse/COMISION32140-Backend/bornoz-fly/helpers/twilioConfig.js:25:38)\n    at file:///E:/Coderhouse/COMISION32140-Backend/bornoz-fly/routes/passportAuthsRouter.js:74:17\n    at Layer.handle [as handle_request] (E:\\Coderhouse\\COMISION32140-Backend\\bornoz-fly\\node_modules\\express\\lib\\router\\layer.js:95:5)\n    at next (E:\\Coderhouse\\COMISION32140-Backend\\bornoz-fly\\node_modules\\express\\lib\\router\\route.js:144:13)\n    at Authenticated (file:///E:/Coderhouse/COMISION32140-Backend/bornoz-fly/middlewares/authenticate.js:12:3)\n    at Layer.handle [as handle_request] (E:\\Coderhouse\\COMISION32140-Backend\\bornoz-fly\\node_modules\\express\\lib\\router\\layer.js:95:5)\n    at next (E:\\Coderhouse\\COMISION32140-Backend\\bornoz-fly\\node_modules\\express\\lib\\router\\route.js:144:13)\n    at Route.dispatch (E:\\Coderhouse\\COMISION32140-Backend\\bornoz-fly\\node_modules\\express\\lib\\router\\route.js:114:3)\n    at Layer.handle [as handle_request] (E:\\Coderhouse\\COMISION32140-Backend\\bornoz-fly\\node_modules\\express\\lib\\router\\layer.js:95:5)\n    at E:\\Coderhouse\\COMISION32140-Backend\\bornoz-fly\\node_modules\\express\\lib\\router\\index.js:284:15"},"msg":"Cannot read properties of undefined (reading 'products')"}
{"level":50,"time":1674776966686,"pid":16516,"hostname":"DESKTOP-OS2JT62","err":{"type":"TypeError","message":"Cannot read properties of undefined (reading 'products')","stack":"TypeError: Cannot read properties of undefined (reading 'products')\n    at Object.sendWhatsapp (file:///E:/Coderhouse/COMISION32140-Backend/bornoz-fly/helpers/twilioConfig.js:25:38)\n    at file:///E:/Coderhouse/COMISION32140-Backend/bornoz-fly/routes/passportAuthsRouter.js:74:17\n    at Layer.handle [as handle_request] (E:\\Coderhouse\\COMISION32140-Backend\\bornoz-fly\\node_modules\\express\\lib\\router\\layer.js:95:5)\n    at next (E:\\Coderhouse\\COMISION32140-Backend\\bornoz-fly\\node_modules\\express\\lib\\router\\route.js:144:13)\n    at Authenticated (file:///E:/Coderhouse/COMISION32140-Backend/bornoz-fly/middlewares/authenticate.js:12:3)\n    at Layer.handle [as handle_request] (E:\\Coderhouse\\COMISION32140-Backend\\bornoz-fly\\node_modules\\express\\lib\\router\\layer.js:95:5)\n    at next (E:\\Coderhouse\\COMISION32140-Backend\\bornoz-fly\\node_modules\\express\\lib\\router\\route.js:144:13)\n    at Route.dispatch (E:\\Coderhouse\\COMISION32140-Backend\\bornoz-fly\\node_modules\\express\\lib\\router\\route.js:114:3)\n    at Layer.handle [as handle_request] (E:\\Coderhouse\\COMISION32140-Backend\\bornoz-fly\\node_modules\\express\\lib\\router\\layer.js:95:5)\n    at E:\\Coderhouse\\COMISION32140-Backend\\bornoz-fly\\node_modules\\express\\lib\\router\\index.js:284:15"},"msg":"Cannot read properties of undefined (reading 'products')"}
{"level":50,"time":1674776981266,"pid":16516,"hostname":"DESKTOP-OS2JT62","err":{"type":"TypeError","message":"Cannot read properties of undefined (reading 'products')","stack":"TypeError: Cannot read properties of undefined (reading 'products')\n    at Object.sendWhatsapp (file:///E:/Coderhouse/COMISION32140-Backend/bornoz-fly/helpers/twilioConfig.js:25:38)\n    at file:///E:/Coderhouse/COMISION32140-Backend/bornoz-fly/routes/passportAuthsRouter.js:74:17\n    at Layer.handle [as handle_request] (E:\\Coderhouse\\COMISION32140-Backend\\bornoz-fly\\node_modules\\express\\lib\\router\\layer.js:95:5)\n    at next (E:\\Coderhouse\\COMISION32140-Backend\\bornoz-fly\\node_modules\\express\\lib\\router\\route.js:144:13)\n    at Authenticated (file:///E:/Coderhouse/COMISION32140-Backend/bornoz-fly/middlewares/authenticate.js:12:3)\n    at Layer.handle [as handle_request] (E:\\Coderhouse\\COMISION32140-Backend\\bornoz-fly\\node_modules\\express\\lib\\router\\layer.js:95:5)\n    at next (E:\\Coderhouse\\COMISION32140-Backend\\bornoz-fly\\node_modules\\express\\lib\\router\\route.js:144:13)\n    at Route.dispatch (E:\\Coderhouse\\COMISION32140-Backend\\bornoz-fly\\node_modules\\express\\lib\\router\\route.js:114:3)\n    at Layer.handle [as handle_request] (E:\\Coderhouse\\COMISION32140-Backend\\bornoz-fly\\node_modules\\express\\lib\\router\\layer.js:95:5)\n    at E:\\Coderhouse\\COMISION32140-Backend\\bornoz-fly\\node_modules\\express\\lib\\router\\index.js:284:15"},"msg":"Cannot read properties of undefined (reading 'products')"}
{"level":50,"time":1674777010794,"pid":16516,"hostname":"DESKTOP-OS2JT62","err":{"type":"TypeError","message":"Cannot read properties of undefined (reading 'products')","stack":"TypeError: Cannot read properties of undefined (reading 'products')\n    at Object.sendWhatsapp (file:///E:/Coderhouse/COMISION32140-Backend/bornoz-fly/helpers/twilioConfig.js:25:38)\n    at file:///E:/Coderhouse/COMISION32140-Backend/bornoz-fly/routes/passportAuthsRouter.js:74:17\n    at Layer.handle [as handle_request] (E:\\Coderhouse\\COMISION32140-Backend\\bornoz-fly\\node_modules\\express\\lib\\router\\layer.js:95:5)\n    at next (E:\\Coderhouse\\COMISION32140-Backend\\bornoz-fly\\node_modules\\express\\lib\\router\\route.js:144:13)\n    at Authenticated (file:///E:/Coderhouse/COMISION32140-Backend/bornoz-fly/middlewares/authenticate.js:12:3)\n    at Layer.handle [as handle_request] (E:\\Coderhouse\\COMISION32140-Backend\\bornoz-fly\\node_modules\\express\\lib\\router\\layer.js:95:5)\n    at next (E:\\Coderhouse\\COMISION32140-Backend\\bornoz-fly\\node_modules\\express\\lib\\router\\route.js:144:13)\n    at Route.dispatch (E:\\Coderhouse\\COMISION32140-Backend\\bornoz-fly\\node_modules\\express\\lib\\router\\route.js:114:3)\n    at Layer.handle [as handle_request] (E:\\Coderhouse\\COMISION32140-Backend\\bornoz-fly\\node_modules\\express\\lib\\router\\layer.js:95:5)\n    at E:\\Coderhouse\\COMISION32140-Backend\\bornoz-fly\\node_modules\\express\\lib\\router\\index.js:284:15"},"msg":"Cannot read properties of undefined (reading 'products')"}
{"level":50,"time":1674777031563,"pid":16516,"hostname":"DESKTOP-OS2JT62","err":{"type":"TypeError","message":"Cannot read properties of undefined (reading 'products')","stack":"TypeError: Cannot read properties of undefined (reading 'products')\n    at Object.sendWhatsapp (file:///E:/Coderhouse/COMISION32140-Backend/bornoz-fly/helpers/twilioConfig.js:25:38)\n    at file:///E:/Coderhouse/COMISION32140-Backend/bornoz-fly/routes/passportAuthsRouter.js:74:17\n    at Layer.handle [as handle_request] (E:\\Coderhouse\\COMISION32140-Backend\\bornoz-fly\\node_modules\\express\\lib\\router\\layer.js:95:5)\n    at next (E:\\Coderhouse\\COMISION32140-Backend\\bornoz-fly\\node_modules\\express\\lib\\router\\route.js:144:13)\n    at Authenticated (file:///E:/Coderhouse/COMISION32140-Backend/bornoz-fly/middlewares/authenticate.js:12:3)\n    at Layer.handle [as handle_request] (E:\\Coderhouse\\COMISION32140-Backend\\bornoz-fly\\node_modules\\express\\lib\\router\\layer.js:95:5)\n    at next (E:\\Coderhouse\\COMISION32140-Backend\\bornoz-fly\\node_modules\\express\\lib\\router\\route.js:144:13)\n    at Route.dispatch (E:\\Coderhouse\\COMISION32140-Backend\\bornoz-fly\\node_modules\\express\\lib\\router\\route.js:114:3)\n    at Layer.handle [as handle_request] (E:\\Coderhouse\\COMISION32140-Backend\\bornoz-fly\\node_modules\\express\\lib\\router\\layer.js:95:5)\n    at E:\\Coderhouse\\COMISION32140-Backend\\bornoz-fly\\node_modules\\express\\lib\\router\\index.js:284:15"},"msg":"Cannot read properties of undefined (reading 'products')"}
{"level":50,"time":1674777048557,"pid":16516,"hostname":"DESKTOP-OS2JT62","err":{"type":"TypeError","message":"Cannot read properties of undefined (reading 'products')","stack":"TypeError: Cannot read properties of undefined (reading 'products')\n    at Object.sendWhatsapp (file:///E:/Coderhouse/COMISION32140-Backend/bornoz-fly/helpers/twilioConfig.js:25:38)\n    at file:///E:/Coderhouse/COMISION32140-Backend/bornoz-fly/routes/passportAuthsRouter.js:74:17\n    at Layer.handle [as handle_request] (E:\\Coderhouse\\COMISION32140-Backend\\bornoz-fly\\node_modules\\express\\lib\\router\\layer.js:95:5)\n    at next (E:\\Coderhouse\\COMISION32140-Backend\\bornoz-fly\\node_modules\\express\\lib\\router\\route.js:144:13)\n    at Authenticated (file:///E:/Coderhouse/COMISION32140-Backend/bornoz-fly/middlewares/authenticate.js:12:3)\n    at Layer.handle [as handle_request] (E:\\Coderhouse\\COMISION32140-Backend\\bornoz-fly\\node_modules\\express\\lib\\router\\layer.js:95:5)\n    at next (E:\\Coderhouse\\COMISION32140-Backend\\bornoz-fly\\node_modules\\express\\lib\\router\\route.js:144:13)\n    at Route.dispatch (E:\\Coderhouse\\COMISION32140-Backend\\bornoz-fly\\node_modules\\express\\lib\\router\\route.js:114:3)\n    at Layer.handle [as handle_request] (E:\\Coderhouse\\COMISION32140-Backend\\bornoz-fly\\node_modules\\express\\lib\\router\\layer.js:95:5)\n    at E:\\Coderhouse\\COMISION32140-Backend\\bornoz-fly\\node_modules\\express\\lib\\router\\index.js:284:15"},"msg":"Cannot read properties of undefined (reading 'products')"}
{"level":30,"time":1674777066327,"pid":16892,"hostname":"DESKTOP-OS2JT62","msg":"Your app is listening on http://localhost:8080/"}
{"level":30,"time":1674777066327,"pid":16892,"hostname":"DESKTOP-OS2JT62","msg":"Environment: local"}
{"level":50,"time":1674777072382,"pid":16892,"hostname":"DESKTOP-OS2JT62","err":{"type":"TypeError","message":"Cannot read properties of undefined (reading 'username')","stack":"TypeError: Cannot read properties of undefined (reading 'username')\n    at Object.sendWhatsapp (file:///E:/Coderhouse/COMISION32140-Backend/bornoz-fly/helpers/twilioConfig.js:25:37)\n    at file:///E:/Coderhouse/COMISION32140-Backend/bornoz-fly/routes/passportAuthsRouter.js:74:17\n    at Layer.handle [as handle_request] (E:\\Coderhouse\\COMISION32140-Backend\\bornoz-fly\\node_modules\\express\\lib\\router\\layer.js:95:5)\n    at next (E:\\Coderhouse\\COMISION32140-Backend\\bornoz-fly\\node_modules\\express\\lib\\router\\route.js:144:13)\n    at Authenticated (file:///E:/Coderhouse/COMISION32140-Backend/bornoz-fly/middlewares/authenticate.js:12:3)\n    at Layer.handle [as handle_request] (E:\\Coderhouse\\COMISION32140-Backend\\bornoz-fly\\node_modules\\express\\lib\\router\\layer.js:95:5)\n    at next (E:\\Coderhouse\\COMISION32140-Backend\\bornoz-fly\\node_modules\\express\\lib\\router\\route.js:144:13)\n    at Route.dispatch (E:\\Coderhouse\\COMISION32140-Backend\\bornoz-fly\\node_modules\\express\\lib\\router\\route.js:114:3)\n    at Layer.handle [as handle_request] (E:\\Coderhouse\\COMISION32140-Backend\\bornoz-fly\\node_modules\\express\\lib\\router\\layer.js:95:5)\n    at E:\\Coderhouse\\COMISION32140-Backend\\bornoz-fly\\node_modules\\express\\lib\\router\\index.js:284:15"},"msg":"Cannot read properties of undefined (reading 'username')"}
{"level":30,"time":1674777118597,"pid":11808,"hostname":"DESKTOP-OS2JT62","msg":"Your app is listening on http://localhost:8080/"}
{"level":30,"time":1674777118597,"pid":11808,"hostname":"DESKTOP-OS2JT62","msg":"Environment: local"}
{"level":50,"time":1674777120271,"pid":11808,"hostname":"DESKTOP-OS2JT62","err":{"type":"TypeError","message":"Cannot read properties of undefined (reading 'firstname')","stack":"TypeError: Cannot read properties of undefined (reading 'firstname')\n    at Object.sendWhatsapp (file:///E:/Coderhouse/COMISION32140-Backend/bornoz-fly/helpers/twilioConfig.js:27:29)\n    at file:///E:/Coderhouse/COMISION32140-Backend/bornoz-fly/routes/passportAuthsRouter.js:74:17\n    at Layer.handle [as handle_request] (E:\\Coderhouse\\COMISION32140-Backend\\bornoz-fly\\node_modules\\express\\lib\\router\\layer.js:95:5)\n    at next (E:\\Coderhouse\\COMISION32140-Backend\\bornoz-fly\\node_modules\\express\\lib\\router\\route.js:144:13)\n    at Authenticated (file:///E:/Coderhouse/COMISION32140-Backend/bornoz-fly/middlewares/authenticate.js:12:3)\n    at Layer.handle [as handle_request] (E:\\Coderhouse\\COMISION32140-Backend\\bornoz-fly\\node_modules\\express\\lib\\router\\layer.js:95:5)\n    at next (E:\\Coderhouse\\COMISION32140-Backend\\bornoz-fly\\node_modules\\express\\lib\\router\\route.js:144:13)\n    at Route.dispatch (E:\\Coderhouse\\COMISION32140-Backend\\bornoz-fly\\node_modules\\express\\lib\\router\\route.js:114:3)\n    at Layer.handle [as handle_request] (E:\\Coderhouse\\COMISION32140-Backend\\bornoz-fly\\node_modules\\express\\lib\\router\\layer.js:95:5)\n    at E:\\Coderhouse\\COMISION32140-Backend\\bornoz-fly\\node_modules\\express\\lib\\router\\index.js:284:15"},"msg":"Cannot read properties of undefined (reading 'firstname')"}
{"level":30,"time":1674777154489,"pid":11756,"hostname":"DESKTOP-OS2JT62","msg":"Your app is listening on http://localhost:8080/"}
{"level":30,"time":1674777154490,"pid":11756,"hostname":"DESKTOP-OS2JT62","msg":"Environment: local"}
{"level":50,"time":1674777156998,"pid":11756,"hostname":"DESKTOP-OS2JT62","err":{"type":"ReferenceError","message":"user is not defined","stack":"ReferenceError: user is not defined\n    at Object.sendWhatsapp (file:///E:/Coderhouse/COMISION32140-Backend/bornoz-fly/helpers/twilioConfig.js:26:32)\n    at file:///E:/Coderhouse/COMISION32140-Backend/bornoz-fly/routes/passportAuthsRouter.js:72:17\n    at Layer.handle [as handle_request] (E:\\Coderhouse\\COMISION32140-Backend\\bornoz-fly\\node_modules\\express\\lib\\router\\layer.js:95:5)\n    at next (E:\\Coderhouse\\COMISION32140-Backend\\bornoz-fly\\node_modules\\express\\lib\\router\\route.js:144:13)\n    at Authenticated (file:///E:/Coderhouse/COMISION32140-Backend/bornoz-fly/middlewares/authenticate.js:12:3)\n    at Layer.handle [as handle_request] (E:\\Coderhouse\\COMISION32140-Backend\\bornoz-fly\\node_modules\\express\\lib\\router\\layer.js:95:5)\n    at next (E:\\Coderhouse\\COMISION32140-Backend\\bornoz-fly\\node_modules\\express\\lib\\router\\route.js:144:13)\n    at Route.dispatch (E:\\Coderhouse\\COMISION32140-Backend\\bornoz-fly\\node_modules\\express\\lib\\router\\route.js:114:3)\n    at Layer.handle [as handle_request] (E:\\Coderhouse\\COMISION32140-Backend\\bornoz-fly\\node_modules\\express\\lib\\router\\layer.js:95:5)\n    at E:\\Coderhouse\\COMISION32140-Backend\\bornoz-fly\\node_modules\\express\\lib\\router\\index.js:284:15"},"msg":"user is not defined"}
{"level":30,"time":1674777189039,"pid":6868,"hostname":"DESKTOP-OS2JT62","msg":"Your app is listening on http://localhost:8080/"}
{"level":30,"time":1674777189039,"pid":6868,"hostname":"DESKTOP-OS2JT62","msg":"Environment: local"}
{"level":50,"time":1674777189813,"pid":6868,"hostname":"DESKTOP-OS2JT62","err":{"type":"ReferenceError","message":"user is not defined","stack":"ReferenceError: user is not defined\n    at Object.sendWhatsapp (file:///E:/Coderhouse/COMISION32140-Backend/bornoz-fly/helpers/twilioConfig.js:26:32)\n    at file:///E:/Coderhouse/COMISION32140-Backend/bornoz-fly/routes/passportAuthsRouter.js:72:17\n    at Layer.handle [as handle_request] (E:\\Coderhouse\\COMISION32140-Backend\\bornoz-fly\\node_modules\\express\\lib\\router\\layer.js:95:5)\n    at next (E:\\Coderhouse\\COMISION32140-Backend\\bornoz-fly\\node_modules\\express\\lib\\router\\route.js:144:13)\n    at Authenticated (file:///E:/Coderhouse/COMISION32140-Backend/bornoz-fly/middlewares/authenticate.js:12:3)\n    at Layer.handle [as handle_request] (E:\\Coderhouse\\COMISION32140-Backend\\bornoz-fly\\node_modules\\express\\lib\\router\\layer.js:95:5)\n    at next (E:\\Coderhouse\\COMISION32140-Backend\\bornoz-fly\\node_modules\\express\\lib\\router\\route.js:144:13)\n    at Route.dispatch (E:\\Coderhouse\\COMISION32140-Backend\\bornoz-fly\\node_modules\\express\\lib\\router\\route.js:114:3)\n    at Layer.handle [as handle_request] (E:\\Coderhouse\\COMISION32140-Backend\\bornoz-fly\\node_modules\\express\\lib\\router\\layer.js:95:5)\n    at E:\\Coderhouse\\COMISION32140-Backend\\bornoz-fly\\node_modules\\express\\lib\\router\\index.js:284:15"},"msg":"user is not defined"}
{"level":30,"time":1674777252727,"pid":16860,"hostname":"DESKTOP-OS2JT62","msg":"Your app is listening on http://localhost:8080/"}
{"level":30,"time":1674777252727,"pid":16860,"hostname":"DESKTOP-OS2JT62","msg":"Environment: local"}
{"level":30,"time":1674777400218,"pid":16300,"hostname":"DESKTOP-OS2JT62","msg":"Your app is listening on http://localhost:8080/"}
{"level":30,"time":1674777400218,"pid":16300,"hostname":"DESKTOP-OS2JT62","msg":"Environment: local"}
{"level":30,"time":1674777439106,"pid":16312,"hostname":"DESKTOP-OS2JT62","msg":"Your app is listening on http://localhost:8080/"}
{"level":30,"time":1674777439106,"pid":16312,"hostname":"DESKTOP-OS2JT62","msg":"Environment: local"}
{"level":30,"time":1674777473530,"pid":13920,"hostname":"DESKTOP-OS2JT62","msg":"Your app is listening on http://localhost:8080/"}
{"level":30,"time":1674777473531,"pid":13920,"hostname":"DESKTOP-OS2JT62","msg":"Environment: local"}
{"level":30,"time":1674777648693,"pid":16364,"hostname":"DESKTOP-OS2JT62","msg":"Your app is listening on http://localhost:8080/"}
{"level":30,"time":1674777648694,"pid":16364,"hostname":"DESKTOP-OS2JT62","msg":"Environment: local"}
{"level":30,"time":1674824489409,"pid":14100,"hostname":"DESKTOP-OS2JT62","msg":"Your app is listening on http://localhost:8080/"}
{"level":30,"time":1674824489410,"pid":14100,"hostname":"DESKTOP-OS2JT62","msg":"Environment: local"}
{"level":30,"time":1674825318858,"pid":9908,"hostname":"DESKTOP-OS2JT62","msg":"Your app is listening on http://localhost:8080/"}
{"level":30,"time":1674825318858,"pid":9908,"hostname":"DESKTOP-OS2JT62","msg":"Environment: local"}
{"level":30,"time":1674827001956,"pid":5876,"hostname":"DESKTOP-OS2JT62","msg":"Your app is listening on http://localhost:8080/"}
{"level":30,"time":1674827001957,"pid":5876,"hostname":"DESKTOP-OS2JT62","msg":"Environment: local"}
{"level":30,"time":1674828110352,"pid":9632,"hostname":"DESKTOP-OS2JT62","msg":"Your app is listening on http://localhost:8080/"}
{"level":30,"time":1674828110353,"pid":9632,"hostname":"DESKTOP-OS2JT62","msg":"Environment: local"}
{"level":30,"time":1674828665712,"pid":16832,"hostname":"DESKTOP-OS2JT62","msg":"Your app is listening on http://localhost:8080/"}
{"level":30,"time":1674828665713,"pid":16832,"hostname":"DESKTOP-OS2JT62","msg":"Environment: local"}
{"level":30,"time":1674828746308,"pid":1140,"hostname":"DESKTOP-OS2JT62","msg":"Your app is listening on http://localhost:8080/"}
{"level":30,"time":1674828746308,"pid":1140,"hostname":"DESKTOP-OS2JT62","msg":"Environment: local"}
{"level":30,"time":1674828817345,"pid":6268,"hostname":"DESKTOP-OS2JT62","msg":"Your app is listening on http://localhost:8080/"}
{"level":30,"time":1674828817345,"pid":6268,"hostname":"DESKTOP-OS2JT62","msg":"Environment: local"}
{"level":30,"time":1674828843517,"pid":1020,"hostname":"DESKTOP-OS2JT62","msg":"Your app is listening on http://localhost:8080/"}
{"level":30,"time":1674828843518,"pid":1020,"hostname":"DESKTOP-OS2JT62","msg":"Environment: local"}
{"level":30,"time":1674829227129,"pid":12520,"hostname":"DESKTOP-OS2JT62","msg":"Your app is listening on http://localhost:8080/"}
{"level":30,"time":1674829227130,"pid":12520,"hostname":"DESKTOP-OS2JT62","msg":"Environment: local"}
{"level":30,"time":1674829500593,"pid":13652,"hostname":"DESKTOP-OS2JT62","msg":"Your app is listening on http://localhost:8080/"}
{"level":30,"time":1674829500594,"pid":13652,"hostname":"DESKTOP-OS2JT62","msg":"Environment: local"}
{"level":30,"time":1674829542579,"pid":8900,"hostname":"DESKTOP-OS2JT62","msg":"Your app is listening on http://localhost:8080/"}
{"level":30,"time":1674829542580,"pid":8900,"hostname":"DESKTOP-OS2JT62","msg":"Environment: local"}
{"level":30,"time":1674829567026,"pid":11124,"hostname":"DESKTOP-OS2JT62","msg":"Your app is listening on http://localhost:8080/"}
{"level":30,"time":1674829567026,"pid":11124,"hostname":"DESKTOP-OS2JT62","msg":"Environment: local"}
{"level":30,"time":1674829592460,"pid":7660,"hostname":"DESKTOP-OS2JT62","msg":"Your app is listening on http://localhost:8080/"}
{"level":30,"time":1674829592460,"pid":7660,"hostname":"DESKTOP-OS2JT62","msg":"Environment: local"}
{"level":30,"time":1674829804599,"pid":9772,"hostname":"DESKTOP-OS2JT62","msg":"Your app is listening on http://localhost:8080/"}
{"level":30,"time":1674829804599,"pid":9772,"hostname":"DESKTOP-OS2JT62","msg":"Environment: local"}
{"level":30,"time":1674829889979,"pid":8988,"hostname":"DESKTOP-OS2JT62","msg":"Your app is listening on http://localhost:8080/"}
{"level":30,"time":1674829889979,"pid":8988,"hostname":"DESKTOP-OS2JT62","msg":"Environment: local"}
{"level":30,"time":1674829920914,"pid":16740,"hostname":"DESKTOP-OS2JT62","msg":"Your app is listening on http://localhost:8080/"}
{"level":30,"time":1674829920915,"pid":16740,"hostname":"DESKTOP-OS2JT62","msg":"Environment: local"}
{"level":30,"time":1674829938025,"pid":1856,"hostname":"DESKTOP-OS2JT62","msg":"Your app is listening on http://localhost:8080/"}
{"level":30,"time":1674829938026,"pid":1856,"hostname":"DESKTOP-OS2JT62","msg":"Environment: local"}
{"level":30,"time":1674829991590,"pid":10516,"hostname":"DESKTOP-OS2JT62","msg":"Your app is listening on http://localhost:8080/"}
{"level":30,"time":1674829991590,"pid":10516,"hostname":"DESKTOP-OS2JT62","msg":"Environment: local"}
{"level":30,"time":1674830123537,"pid":9180,"hostname":"DESKTOP-OS2JT62","msg":"Your app is listening on http://localhost:8080/"}
{"level":30,"time":1674830123538,"pid":9180,"hostname":"DESKTOP-OS2JT62","msg":"Environment: local"}
{"level":30,"time":1674830156861,"pid":11572,"hostname":"DESKTOP-OS2JT62","msg":"Your app is listening on http://localhost:8080/"}
{"level":30,"time":1674830156862,"pid":11572,"hostname":"DESKTOP-OS2JT62","msg":"Environment: local"}
{"level":30,"time":1674830212999,"pid":13532,"hostname":"DESKTOP-OS2JT62","msg":"Your app is listening on http://localhost:8080/"}
{"level":30,"time":1674830212999,"pid":13532,"hostname":"DESKTOP-OS2JT62","msg":"Environment: local"}
{"level":30,"time":1674830386918,"pid":2860,"hostname":"DESKTOP-OS2JT62","msg":"Your app is listening on http://localhost:8080/"}
{"level":30,"time":1674830386919,"pid":2860,"hostname":"DESKTOP-OS2JT62","msg":"Environment: local"}
{"level":30,"time":1674830408366,"pid":16564,"hostname":"DESKTOP-OS2JT62","msg":"Your app is listening on http://localhost:8080/"}
{"level":30,"time":1674830408367,"pid":16564,"hostname":"DESKTOP-OS2JT62","msg":"Environment: local"}
{"level":30,"time":1674830688853,"pid":10192,"hostname":"DESKTOP-OS2JT62","msg":"Your app is listening on http://localhost:8080/"}
{"level":30,"time":1674830688854,"pid":10192,"hostname":"DESKTOP-OS2JT62","msg":"Environment: local"}
{"level":30,"time":1674831100927,"pid":10036,"hostname":"DESKTOP-OS2JT62","msg":"Your app is listening on http://localhost:8080/"}
{"level":30,"time":1674831100927,"pid":10036,"hostname":"DESKTOP-OS2JT62","msg":"Environment: local"}
{"level":30,"time":1674831172974,"pid":11920,"hostname":"DESKTOP-OS2JT62","msg":"Your app is listening on http://localhost:8080/"}
{"level":30,"time":1674831172975,"pid":11920,"hostname":"DESKTOP-OS2JT62","msg":"Environment: local"}
{"level":30,"time":1674832277796,"pid":10696,"hostname":"DESKTOP-OS2JT62","msg":"Your app is listening on http://localhost:8080/"}
{"level":30,"time":1674832277797,"pid":10696,"hostname":"DESKTOP-OS2JT62","msg":"Environment: local"}
{"level":30,"time":1674832776718,"pid":904,"hostname":"DESKTOP-OS2JT62","msg":"Your app is listening on http://localhost:8080/"}
{"level":30,"time":1674832776719,"pid":904,"hostname":"DESKTOP-OS2JT62","msg":"Environment: local"}
{"level":30,"time":1674834404056,"pid":904,"hostname":"DESKTOP-OS2JT62","err":{"type":"TypeError","message":"Cannot destructure property 'firstname' of 'req.user' as it is undefined.","stack":"TypeError: Cannot destructure property 'firstname' of 'req.user' as it is undefined.\n    at file:///E:/Coderhouse/COMISION32140-Backend/bornoz-fly/routes/passportAuthsRouter.js:25:11\n    at Layer.handle [as handle_request] (E:\\Coderhouse\\COMISION32140-Backend\\bornoz-fly\\node_modules\\express\\lib\\router\\layer.js:95:5)\n    at next (E:\\Coderhouse\\COMISION32140-Backend\\bornoz-fly\\node_modules\\express\\lib\\router\\route.js:144:13)\n    at Route.dispatch (E:\\Coderhouse\\COMISION32140-Backend\\bornoz-fly\\node_modules\\express\\lib\\router\\route.js:114:3)\n    at Layer.handle [as handle_request] (E:\\Coderhouse\\COMISION32140-Backend\\bornoz-fly\\node_modules\\express\\lib\\router\\layer.js:95:5)\n    at E:\\Coderhouse\\COMISION32140-Backend\\bornoz-fly\\node_modules\\express\\lib\\router\\index.js:284:15\n    at Function.process_params (E:\\Coderhouse\\COMISION32140-Backend\\bornoz-fly\\node_modules\\express\\lib\\router\\index.js:346:12)\n    at next (E:\\Coderhouse\\COMISION32140-Backend\\bornoz-fly\\node_modules\\express\\lib\\router\\index.js:280:10)\n    at Function.handle (E:\\Coderhouse\\COMISION32140-Backend\\bornoz-fly\\node_modules\\express\\lib\\router\\index.js:175:3)\n    at router (E:\\Coderhouse\\COMISION32140-Backend\\bornoz-fly\\node_modules\\express\\lib\\router\\index.js:47:12)"},"msg":"Cannot destructure property 'firstname' of 'req.user' as it is undefined."}
{"level":30,"time":1674834417890,"pid":12000,"hostname":"DESKTOP-OS2JT62","msg":"Your app is listening on http://localhost:8080/"}
{"level":30,"time":1674834417890,"pid":12000,"hostname":"DESKTOP-OS2JT62","msg":"Environment: local"}
{"level":30,"time":1675085448401,"pid":10344,"hostname":"DESKTOP-OS2JT62","msg":"Your app is listening on http://localhost:8080/"}
{"level":30,"time":1675085448401,"pid":10344,"hostname":"DESKTOP-OS2JT62","msg":"Environment: local"}
{"level":30,"time":1675085564029,"pid":8464,"hostname":"DESKTOP-OS2JT62","msg":"Your app is listening on http://localhost:8080/"}
{"level":30,"time":1675085564029,"pid":8464,"hostname":"DESKTOP-OS2JT62","msg":"Environment: local"}
{"level":50,"time":1675085577329,"pid":8464,"hostname":"DESKTOP-OS2JT62","err":{"type":"TypeError","message":"Cannot read properties of undefined (reading 'products')","stack":"TypeError: Cannot read properties of undefined (reading 'products')\n    at Object.sendWhatsapp (file:///E:/Coderhouse/COMISION32140-Backend/bornoz-fly/helpers/twilioConfig.js:29:26)\n    at file:///E:/Coderhouse/COMISION32140-Backend/bornoz-fly/routes/passportAuthsRouter.js:72:17\n    at Layer.handle [as handle_request] (E:\\Coderhouse\\COMISION32140-Backend\\bornoz-fly\\node_modules\\express\\lib\\router\\layer.js:95:5)\n    at next (E:\\Coderhouse\\COMISION32140-Backend\\bornoz-fly\\node_modules\\express\\lib\\router\\route.js:144:13)\n    at Route.dispatch (E:\\Coderhouse\\COMISION32140-Backend\\bornoz-fly\\node_modules\\express\\lib\\router\\route.js:114:3)\n    at Layer.handle [as handle_request] (E:\\Coderhouse\\COMISION32140-Backend\\bornoz-fly\\node_modules\\express\\lib\\router\\layer.js:95:5)\n    at E:\\Coderhouse\\COMISION32140-Backend\\bornoz-fly\\node_modules\\express\\lib\\router\\index.js:284:15\n    at Function.process_params (E:\\Coderhouse\\COMISION32140-Backend\\bornoz-fly\\node_modules\\express\\lib\\router\\index.js:346:12)\n    at next (E:\\Coderhouse\\COMISION32140-Backend\\bornoz-fly\\node_modules\\express\\lib\\router\\index.js:280:10)\n    at Function.handle (E:\\Coderhouse\\COMISION32140-Backend\\bornoz-fly\\node_modules\\express\\lib\\router\\index.js:175:3)"},"msg":"Cannot read properties of undefined (reading 'products')"}
{"level":30,"time":1675085701704,"pid":16628,"hostname":"DESKTOP-OS2JT62","msg":"Your app is listening on http://localhost:8080/"}
{"level":30,"time":1675085701704,"pid":16628,"hostname":"DESKTOP-OS2JT62","msg":"Environment: local"}
{"level":50,"time":1675085710633,"pid":16628,"hostname":"DESKTOP-OS2JT62","err":{"type":"TypeError","message":"Cannot read properties of undefined (reading 'products')","stack":"TypeError: Cannot read properties of undefined (reading 'products')\n    at Object.sendWhatsapp (file:///E:/Coderhouse/COMISION32140-Backend/bornoz-fly/helpers/twilioConfig.js:29:26)\n    at file:///E:/Coderhouse/COMISION32140-Backend/bornoz-fly/routes/passportAuthsRouter.js:72:17\n    at Layer.handle [as handle_request] (E:\\Coderhouse\\COMISION32140-Backend\\bornoz-fly\\node_modules\\express\\lib\\router\\layer.js:95:5)\n    at next (E:\\Coderhouse\\COMISION32140-Backend\\bornoz-fly\\node_modules\\express\\lib\\router\\route.js:144:13)\n    at Route.dispatch (E:\\Coderhouse\\COMISION32140-Backend\\bornoz-fly\\node_modules\\express\\lib\\router\\route.js:114:3)\n    at Layer.handle [as handle_request] (E:\\Coderhouse\\COMISION32140-Backend\\bornoz-fly\\node_modules\\express\\lib\\router\\layer.js:95:5)\n    at E:\\Coderhouse\\COMISION32140-Backend\\bornoz-fly\\node_modules\\express\\lib\\router\\index.js:284:15\n    at Function.process_params (E:\\Coderhouse\\COMISION32140-Backend\\bornoz-fly\\node_modules\\express\\lib\\router\\index.js:346:12)\n    at next (E:\\Coderhouse\\COMISION32140-Backend\\bornoz-fly\\node_modules\\express\\lib\\router\\index.js:280:10)\n    at Function.handle (E:\\Coderhouse\\COMISION32140-Backend\\bornoz-fly\\node_modules\\express\\lib\\router\\index.js:175:3)"},"msg":"Cannot read properties of undefined (reading 'products')"}
{"level":30,"time":1675085917328,"pid":14372,"hostname":"DESKTOP-OS2JT62","msg":"Your app is listening on http://localhost:8080/"}
{"level":30,"time":1675085917328,"pid":14372,"hostname":"DESKTOP-OS2JT62","msg":"Environment: local"}
{"level":30,"time":1675086515268,"pid":440,"hostname":"DESKTOP-OS2JT62","msg":"Your app is listening on http://localhost:8080/"}
{"level":30,"time":1675086515268,"pid":440,"hostname":"DESKTOP-OS2JT62","msg":"Environment: local"}
{"level":30,"time":1675086735526,"pid":608,"hostname":"DESKTOP-OS2JT62","msg":"Your app is listening on http://localhost:8080/"}
{"level":30,"time":1675086735526,"pid":608,"hostname":"DESKTOP-OS2JT62","msg":"Environment: local"}
{"level":50,"time":1675086746172,"pid":608,"hostname":"DESKTOP-OS2JT62","err":{"type":"TypeError","message":"Cannot read properties of undefined (reading 'products')","stack":"TypeError: Cannot read properties of undefined (reading 'products')\n    at Object.sendWhatsapp (file:///E:/Coderhouse/COMISION32140-Backend/bornoz-fly/helpers/twilioConfig.js:29:26)\n    at Socket.<anonymous> (file:///E:/Coderhouse/COMISION32140-Backend/bornoz-fly/socket.js:64:21)\n    at Socket.emit (node:events:513:28)\n    at Socket.emitUntyped (E:\\Coderhouse\\COMISION32140-Backend\\bornoz-fly\\node_modules\\socket.io\\dist\\typed-events.js:69:22)\n    at E:\\Coderhouse\\COMISION32140-Backend\\bornoz-fly\\node_modules\\socket.io\\dist\\socket.js:614:39\n    at processTicksAndRejections (node:internal/process/task_queues:78:11)"},"msg":"Cannot read properties of undefined (reading 'products')"}
{"level":30,"time":1675086785640,"pid":9852,"hostname":"DESKTOP-OS2JT62","msg":"Your app is listening on http://localhost:8080/"}
{"level":30,"time":1675086785640,"pid":9852,"hostname":"DESKTOP-OS2JT62","msg":"Environment: local"}
{"level":50,"time":1675086794402,"pid":9852,"hostname":"DESKTOP-OS2JT62","err":{"type":"TypeError","message":"Cannot read properties of undefined (reading 'products')","stack":"TypeError: Cannot read properties of undefined (reading 'products')\n    at Object.sendWhatsapp (file:///E:/Coderhouse/COMISION32140-Backend/bornoz-fly/helpers/twilioConfig.js:29:26)\n    at Socket.<anonymous> (file:///E:/Coderhouse/COMISION32140-Backend/bornoz-fly/socket.js:64:21)\n    at Socket.emit (node:events:513:28)\n    at Socket.emitUntyped (E:\\Coderhouse\\COMISION32140-Backend\\bornoz-fly\\node_modules\\socket.io\\dist\\typed-events.js:69:22)\n    at E:\\Coderhouse\\COMISION32140-Backend\\bornoz-fly\\node_modules\\socket.io\\dist\\socket.js:614:39\n    at processTicksAndRejections (node:internal/process/task_queues:78:11)"},"msg":"Cannot read properties of undefined (reading 'products')"}
{"level":30,"time":1675086854240,"pid":10284,"hostname":"DESKTOP-OS2JT62","msg":"Your app is listening on http://localhost:8080/"}
{"level":30,"time":1675086854241,"pid":10284,"hostname":"DESKTOP-OS2JT62","msg":"Environment: local"}
{"level":50,"time":1675086859501,"pid":10284,"hostname":"DESKTOP-OS2JT62","err":{"type":"TypeError","message":"Cannot read properties of undefined (reading 'products')","stack":"TypeError: Cannot read properties of undefined (reading 'products')\n    at Object.sendWhatsapp (file:///E:/Coderhouse/COMISION32140-Backend/bornoz-fly/helpers/twilioConfig.js:29:26)\n    at Socket.<anonymous> (file:///E:/Coderhouse/COMISION32140-Backend/bornoz-fly/socket.js:64:21)\n    at Socket.emit (node:events:513:28)\n    at Socket.emitUntyped (E:\\Coderhouse\\COMISION32140-Backend\\bornoz-fly\\node_modules\\socket.io\\dist\\typed-events.js:69:22)\n    at E:\\Coderhouse\\COMISION32140-Backend\\bornoz-fly\\node_modules\\socket.io\\dist\\socket.js:614:39\n    at processTicksAndRejections (node:internal/process/task_queues:78:11)"},"msg":"Cannot read properties of undefined (reading 'products')"}
{"level":30,"time":1675086892017,"pid":320,"hostname":"DESKTOP-OS2JT62","msg":"Your app is listening on http://localhost:8080/"}
{"level":30,"time":1675086892018,"pid":320,"hostname":"DESKTOP-OS2JT62","msg":"Environment: local"}
{"level":50,"time":1675086897829,"pid":320,"hostname":"DESKTOP-OS2JT62","err":{"type":"TypeError","message":"Cannot read properties of undefined (reading 'products')","stack":"TypeError: Cannot read properties of undefined (reading 'products')\n    at Object.sendWhatsapp (file:///E:/Coderhouse/COMISION32140-Backend/bornoz-fly/helpers/twilioConfig.js:29:26)\n    at Socket.<anonymous> (file:///E:/Coderhouse/COMISION32140-Backend/bornoz-fly/socket.js:64:21)\n    at Socket.emit (node:events:513:28)\n    at Socket.emitUntyped (E:\\Coderhouse\\COMISION32140-Backend\\bornoz-fly\\node_modules\\socket.io\\dist\\typed-events.js:69:22)\n    at E:\\Coderhouse\\COMISION32140-Backend\\bornoz-fly\\node_modules\\socket.io\\dist\\socket.js:614:39\n    at processTicksAndRejections (node:internal/process/task_queues:78:11)"},"msg":"Cannot read properties of undefined (reading 'products')"}
{"level":30,"time":1675086934915,"pid":9648,"hostname":"DESKTOP-OS2JT62","msg":"Your app is listening on http://localhost:8080/"}
{"level":30,"time":1675086934916,"pid":9648,"hostname":"DESKTOP-OS2JT62","msg":"Environment: local"}
{"level":30,"time":1675087790197,"pid":13656,"hostname":"DESKTOP-OS2JT62","msg":"Your app is listening on http://localhost:8080/"}
{"level":30,"time":1675087790198,"pid":13656,"hostname":"DESKTOP-OS2JT62","msg":"Environment: local"}
{"level":30,"time":1675087881452,"pid":11120,"hostname":"DESKTOP-OS2JT62","msg":"Your app is listening on http://localhost:8080/"}
{"level":30,"time":1675087881452,"pid":11120,"hostname":"DESKTOP-OS2JT62","msg":"Environment: local"}
{"level":50,"time":1675087886015,"pid":11120,"hostname":"DESKTOP-OS2JT62","err":{"type":"ReferenceError","message":"req is not defined","stack":"ReferenceError: req is not defined\n    at Object.sendWhatsapp (file:///E:/Coderhouse/COMISION32140-Backend/bornoz-fly/helpers/twilioConfig.js:27:4)\n    at Socket.<anonymous> (file:///E:/Coderhouse/COMISION32140-Backend/bornoz-fly/socket.js:64:21)\n    at Socket.emit (node:events:513:28)\n    at Socket.emitUntyped (E:\\Coderhouse\\COMISION32140-Backend\\bornoz-fly\\node_modules\\socket.io\\dist\\typed-events.js:69:22)\n    at E:\\Coderhouse\\COMISION32140-Backend\\bornoz-fly\\node_modules\\socket.io\\dist\\socket.js:614:39\n    at processTicksAndRejections (node:internal/process/task_queues:78:11)"},"msg":"req is not defined"}
{"level":50,"time":1675087905956,"pid":11120,"hostname":"DESKTOP-OS2JT62","err":{"type":"ReferenceError","message":"req is not defined","stack":"ReferenceError: req is not defined\n    at Object.sendWhatsapp (file:///E:/Coderhouse/COMISION32140-Backend/bornoz-fly/helpers/twilioConfig.js:27:4)\n    at Socket.<anonymous> (file:///E:/Coderhouse/COMISION32140-Backend/bornoz-fly/socket.js:64:21)\n    at Socket.emit (node:events:513:28)\n    at Socket.emitUntyped (E:\\Coderhouse\\COMISION32140-Backend\\bornoz-fly\\node_modules\\socket.io\\dist\\typed-events.js:69:22)\n    at E:\\Coderhouse\\COMISION32140-Backend\\bornoz-fly\\node_modules\\socket.io\\dist\\socket.js:614:39\n    at processTicksAndRejections (node:internal/process/task_queues:78:11)"},"msg":"req is not defined"}
{"level":30,"time":1675088016994,"pid":9004,"hostname":"DESKTOP-OS2JT62","msg":"Your app is listening on http://localhost:8080/"}
{"level":30,"time":1675088016994,"pid":9004,"hostname":"DESKTOP-OS2JT62","msg":"Environment: local"}
{"level":50,"time":1675088021391,"pid":9004,"hostname":"DESKTOP-OS2JT62","err":{"type":"ReferenceError","message":"req is not defined","stack":"ReferenceError: req is not defined\n    at Object.sendWhatsapp (file:///E:/Coderhouse/COMISION32140-Backend/bornoz-fly/helpers/twilioConfig.js:33:4)\n    at Socket.<anonymous> (file:///E:/Coderhouse/COMISION32140-Backend/bornoz-fly/socket.js:64:21)\n    at Socket.emit (node:events:513:28)\n    at Socket.emitUntyped (E:\\Coderhouse\\COMISION32140-Backend\\bornoz-fly\\node_modules\\socket.io\\dist\\typed-events.js:69:22)\n    at E:\\Coderhouse\\COMISION32140-Backend\\bornoz-fly\\node_modules\\socket.io\\dist\\socket.js:614:39\n    at processTicksAndRejections (node:internal/process/task_queues:78:11)"},"msg":"req is not defined"}
{"level":30,"time":1675088049235,"pid":8288,"hostname":"DESKTOP-OS2JT62","msg":"Your app is listening on http://localhost:8080/"}
{"level":30,"time":1675088049236,"pid":8288,"hostname":"DESKTOP-OS2JT62","msg":"Environment: local"}
{"level":30,"time":1675088080785,"pid":15440,"hostname":"DESKTOP-OS2JT62","msg":"Your app is listening on http://localhost:8080/"}
{"level":30,"time":1675088080785,"pid":15440,"hostname":"DESKTOP-OS2JT62","msg":"Environment: local"}
{"level":30,"time":1675088087908,"pid":15192,"hostname":"DESKTOP-OS2JT62","msg":"Your app is listening on http://localhost:8080/"}
{"level":30,"time":1675088087909,"pid":15192,"hostname":"DESKTOP-OS2JT62","msg":"Environment: local"}
{"level":50,"time":1675088126542,"pid":15192,"hostname":"DESKTOP-OS2JT62","err":{"type":"TypeError","message":"Cannot read properties of undefined (reading 'day')","stack":"TypeError: Cannot read properties of undefined (reading 'day')\n    at Object.sendWhatsapp (file:///E:/Coderhouse/COMISION32140-Backend/bornoz-fly/helpers/twilioConfig.js:30:22)\n    at Socket.<anonymous> (file:///E:/Coderhouse/COMISION32140-Backend/bornoz-fly/socket.js:64:21)\n    at Socket.emit (node:events:513:28)\n    at Socket.emitUntyped (E:\\Coderhouse\\COMISION32140-Backend\\bornoz-fly\\node_modules\\socket.io\\dist\\typed-events.js:69:22)\n    at E:\\Coderhouse\\COMISION32140-Backend\\bornoz-fly\\node_modules\\socket.io\\dist\\socket.js:614:39\n    at processTicksAndRejections (node:internal/process/task_queues:78:11)"},"msg":"Cannot read properties of undefined (reading 'day')"}
{"level":30,"time":1675088157611,"pid":14988,"hostname":"DESKTOP-OS2JT62","msg":"Your app is listening on http://localhost:8080/"}
{"level":30,"time":1675088157612,"pid":14988,"hostname":"DESKTOP-OS2JT62","msg":"Environment: local"}
{"level":30,"time":1675088175629,"pid":15720,"hostname":"DESKTOP-OS2JT62","msg":"Your app is listening on http://localhost:8080/"}
{"level":30,"time":1675088175629,"pid":15720,"hostname":"DESKTOP-OS2JT62","msg":"Environment: local"}
{"level":30,"time":1675088235980,"pid":4312,"hostname":"DESKTOP-OS2JT62","msg":"Your app is listening on http://localhost:8080/"}
{"level":30,"time":1675088235981,"pid":4312,"hostname":"DESKTOP-OS2JT62","msg":"Environment: local"}
{"level":30,"time":1675088384648,"pid":15136,"hostname":"DESKTOP-OS2JT62","msg":"Your app is listening on http://localhost:8080/"}
{"level":30,"time":1675088384649,"pid":15136,"hostname":"DESKTOP-OS2JT62","msg":"Environment: local"}
{"level":30,"time":1675088537450,"pid":7992,"hostname":"DESKTOP-OS2JT62","msg":"Your app is listening on http://localhost:8080/"}
{"level":30,"time":1675088537450,"pid":7992,"hostname":"DESKTOP-OS2JT62","msg":"Environment: local"}
{"level":30,"time":1675088661941,"pid":16032,"hostname":"DESKTOP-OS2JT62","msg":"Your app is listening on http://localhost:8080/"}
{"level":30,"time":1675088661941,"pid":16032,"hostname":"DESKTOP-OS2JT62","msg":"Environment: local"}
{"level":30,"time":1675088726595,"pid":1460,"hostname":"DESKTOP-OS2JT62","msg":"Your app is listening on http://localhost:8080/"}
{"level":30,"time":1675088726595,"pid":1460,"hostname":"DESKTOP-OS2JT62","msg":"Environment: local"}
{"level":50,"time":1675088736905,"pid":1460,"hostname":"DESKTOP-OS2JT62","err":{"type":"TypeError","message":"Cannot read properties of undefined (reading 'flights')","stack":"TypeError: Cannot read properties of undefined (reading 'flights')\n    at Object.sendWhatsapp (file:///E:/Coderhouse/COMISION32140-Backend/bornoz-fly/helpers/twilioConfig.js:27:17)\n    at file:///E:/Coderhouse/COMISION32140-Backend/bornoz-fly/routes/passportAuthsRouter.js:73:17\n    at Layer.handle [as handle_request] (E:\\Coderhouse\\COMISION32140-Backend\\bornoz-fly\\node_modules\\express\\lib\\router\\layer.js:95:5)\n    at next (E:\\Coderhouse\\COMISION32140-Backend\\bornoz-fly\\node_modules\\express\\lib\\router\\route.js:144:13)\n    at Route.dispatch (E:\\Coderhouse\\COMISION32140-Backend\\bornoz-fly\\node_modules\\express\\lib\\router\\route.js:114:3)\n    at Layer.handle [as handle_request] (E:\\Coderhouse\\COMISION32140-Backend\\bornoz-fly\\node_modules\\express\\lib\\router\\layer.js:95:5)\n    at E:\\Coderhouse\\COMISION32140-Backend\\bornoz-fly\\node_modules\\express\\lib\\router\\index.js:284:15\n    at Function.process_params (E:\\Coderhouse\\COMISION32140-Backend\\bornoz-fly\\node_modules\\express\\lib\\router\\index.js:346:12)\n    at next (E:\\Coderhouse\\COMISION32140-Backend\\bornoz-fly\\node_modules\\express\\lib\\router\\index.js:280:10)\n    at Function.handle (E:\\Coderhouse\\COMISION32140-Backend\\bornoz-fly\\node_modules\\express\\lib\\router\\index.js:175:3)"},"msg":"Cannot read properties of undefined (reading 'flights')"}
{"level":30,"time":1675088956633,"pid":10796,"hostname":"DESKTOP-OS2JT62","msg":"Your app is listening on http://localhost:8080/"}
{"level":30,"time":1675088956633,"pid":10796,"hostname":"DESKTOP-OS2JT62","msg":"Environment: local"}
{"level":50,"time":1675088969888,"pid":10796,"hostname":"DESKTOP-OS2JT62","err":{"type":"TypeError","message":"Cannot read properties of undefined (reading 'flights')","stack":"TypeError: Cannot read properties of undefined (reading 'flights')\n    at Object.sendWhatsapp (file:///E:/Coderhouse/COMISION32140-Backend/bornoz-fly/helpers/twilioConfig.js:27:17)\n    at file:///E:/Coderhouse/COMISION32140-Backend/bornoz-fly/routes/passportAuthsRouter.js:75:17\n    at Layer.handle [as handle_request] (E:\\Coderhouse\\COMISION32140-Backend\\bornoz-fly\\node_modules\\express\\lib\\router\\layer.js:95:5)\n    at next (E:\\Coderhouse\\COMISION32140-Backend\\bornoz-fly\\node_modules\\express\\lib\\router\\route.js:144:13)\n    at Route.dispatch (E:\\Coderhouse\\COMISION32140-Backend\\bornoz-fly\\node_modules\\express\\lib\\router\\route.js:114:3)\n    at Layer.handle [as handle_request] (E:\\Coderhouse\\COMISION32140-Backend\\bornoz-fly\\node_modules\\express\\lib\\router\\layer.js:95:5)\n    at E:\\Coderhouse\\COMISION32140-Backend\\bornoz-fly\\node_modules\\express\\lib\\router\\index.js:284:15\n    at Function.process_params (E:\\Coderhouse\\COMISION32140-Backend\\bornoz-fly\\node_modules\\express\\lib\\router\\index.js:346:12)\n    at next (E:\\Coderhouse\\COMISION32140-Backend\\bornoz-fly\\node_modules\\express\\lib\\router\\index.js:280:10)\n    at Function.handle (E:\\Coderhouse\\COMISION32140-Backend\\bornoz-fly\\node_modules\\express\\lib\\router\\index.js:175:3)"},"msg":"Cannot read properties of undefined (reading 'flights')"}
{"level":30,"time":1675089018550,"pid":9064,"hostname":"DESKTOP-OS2JT62","msg":"Your app is listening on http://localhost:8080/"}
{"level":30,"time":1675089018551,"pid":9064,"hostname":"DESKTOP-OS2JT62","msg":"Environment: local"}
{"level":50,"time":1675089033098,"pid":9064,"hostname":"DESKTOP-OS2JT62","err":{"type":"TypeError","message":"Cannot read properties of undefined (reading 'flights')","stack":"TypeError: Cannot read properties of undefined (reading 'flights')\n    at Object.sendWhatsapp (file:///E:/Coderhouse/COMISION32140-Backend/bornoz-fly/helpers/twilioConfig.js:27:17)\n    at file:///E:/Coderhouse/COMISION32140-Backend/bornoz-fly/routes/passportAuthsRouter.js:75:17\n    at Layer.handle [as handle_request] (E:\\Coderhouse\\COMISION32140-Backend\\bornoz-fly\\node_modules\\express\\lib\\router\\layer.js:95:5)\n    at next (E:\\Coderhouse\\COMISION32140-Backend\\bornoz-fly\\node_modules\\express\\lib\\router\\route.js:144:13)\n    at Route.dispatch (E:\\Coderhouse\\COMISION32140-Backend\\bornoz-fly\\node_modules\\express\\lib\\router\\route.js:114:3)\n    at Layer.handle [as handle_request] (E:\\Coderhouse\\COMISION32140-Backend\\bornoz-fly\\node_modules\\express\\lib\\router\\layer.js:95:5)\n    at E:\\Coderhouse\\COMISION32140-Backend\\bornoz-fly\\node_modules\\express\\lib\\router\\index.js:284:15\n    at Function.process_params (E:\\Coderhouse\\COMISION32140-Backend\\bornoz-fly\\node_modules\\express\\lib\\router\\index.js:346:12)\n    at next (E:\\Coderhouse\\COMISION32140-Backend\\bornoz-fly\\node_modules\\express\\lib\\router\\index.js:280:10)\n    at Function.handle (E:\\Coderhouse\\COMISION32140-Backend\\bornoz-fly\\node_modules\\express\\lib\\router\\index.js:175:3)"},"msg":"Cannot read properties of undefined (reading 'flights')"}
{"level":30,"time":1675089152412,"pid":15584,"hostname":"DESKTOP-OS2JT62","msg":"Your app is listening on http://localhost:8080/"}
{"level":30,"time":1675089152412,"pid":15584,"hostname":"DESKTOP-OS2JT62","msg":"Environment: local"}
{"level":30,"time":1675089617082,"pid":12520,"hostname":"DESKTOP-OS2JT62","msg":"Your app is listening on http://localhost:8080/"}
{"level":30,"time":1675089617082,"pid":12520,"hostname":"DESKTOP-OS2JT62","msg":"Environment: local"}
{"level":30,"time":1675089677228,"pid":14988,"hostname":"DESKTOP-OS2JT62","msg":"Your app is listening on http://localhost:8080/"}
{"level":30,"time":1675089677228,"pid":14988,"hostname":"DESKTOP-OS2JT62","msg":"Environment: local"}
{"level":30,"time":1675089861566,"pid":3264,"hostname":"DESKTOP-OS2JT62","msg":"Your app is listening on http://localhost:8080/"}
{"level":30,"time":1675089861567,"pid":3264,"hostname":"DESKTOP-OS2JT62","msg":"Environment: local"}
{"level":30,"time":1675089970568,"pid":6000,"hostname":"DESKTOP-OS2JT62","msg":"Your app is listening on http://localhost:8080/"}
{"level":30,"time":1675089970568,"pid":6000,"hostname":"DESKTOP-OS2JT62","msg":"Environment: local"}
{"level":30,"time":1675090078342,"pid":10196,"hostname":"DESKTOP-OS2JT62","msg":"Your app is listening on http://localhost:8080/"}
{"level":30,"time":1675090078343,"pid":10196,"hostname":"DESKTOP-OS2JT62","msg":"Environment: local"}
